#
# A fatal error has been detected by the Java Runtime Environment:
#
#  EXCEPTION_ACCESS_VIOLATION (0xc0000005) at pc=0x0000000075db05cf, pid=180, tid=7164
#
# JRE version: 7.0-b147
# Java VM: Java HotSpot(TM) 64-Bit Server VM (21.0-b17 mixed mode windows-amd64 compressed oops)
# Problematic frame:
# V  [jvm.dll+0x3e05cf]
#
# Failed to write core dump. Minidumps are not enabled by default on client versions of Windows
#
# If you would like to submit a bug report, please visit:
#   http://bugreport.sun.com/bugreport/crash.jsp
#

---------------  T H R E A D  ---------------

Current thread (0x0000000005871800):  JavaThread "C2 CompilerThread0" daemon [_thread_in_native, id=7164, stack(0x0000000006440000,0x0000000006540000)]

siginfo: ExceptionCode=0xc0000005, reading address 0x0000000000000008

Registers:
RAX=0x0000000000000000, RBX=0x000000000653cfa0, RCX=0x000000000748f420, RDX=0x0000000000000000
RSP=0x000000000653c150, RBP=0x000000000653c300, RSI=0x000000000b342188, RDI=0x0000000000000000
R8 =0x000000000f07f4b0, R9 =0x0000000000001000, R10=0x000000000f0845f0, R11=0x0000000000000000
R12=0x00000000068987c8, R13=0x000000000823d5e8, R14=0x000000000653c220, R15=0x000000000653c240
RIP=0x0000000075db05cf, EFLAGS=0x0000000000010287

Top of Stack: (sp=0x000000000653c150)
0x000000000653c150:   000000000653cfa0 00000000068987c8
0x000000000653c160:   000000000653c240 0000000000000000
0x000000000653c170:   00000000068987c8 0000000000000002
0x000000000653c180:   000000000823f178 0000000075db1079
0x000000000653c190:   000000000653c300 0000000000000007
0x000000000653c1a0:   000000000653c288 000000000653c300
0x000000000653c1b0:   0000000000000020 0000000007d3f270
0x000000000653c1c0:   0000000000000000 0000000000005230
0x000000000653c1d0:   000000000f575640 000000000653c300
0x000000000653c1e0:   0000000005869270 0000000000000002
0x000000000653c1f0:   000000000653cfa0 0000000075db31a7
0x000000000653c200:   000000000653cfa0 0000000000000001
0x000000000653c210:   0000000000000002 000000000653c288
0x000000000653c220:   0000000005869270 0000000000000040
0x000000000653c230:   00000000078cc740 0000000000000008
0x000000000653c240:   0000000075f0d478 0000000005869270 

Instructions: (pc=0x0000000075db05cf)
0x0000000075db05af:   48 3b f0 0f 84 78 01 00 00 44 8b 4b 28 0f 1f 40
0x0000000075db05bf:   00 41 8b 53 28 4c 8b 83 e0 09 00 00 4d 8b 1c d0
0x0000000075db05cf:   49 8b 43 08 48 39 38 75 2d 0f 1f 84 00 00 00 00
0x0000000075db05df:   00 41 8b 43 28 41 3b c1 73 0c 8b c8 48 8b 43 30 


Register to memory mapping:

RAX=0x0000000000000000 is an unknown value
RBX=0x000000000653cfa0 is pointing into the stack for thread: 0x0000000005871800
RCX=0x000000000748f420 is an unknown value
RDX=0x0000000000000000 is an unknown value
RSP=0x000000000653c150 is pointing into the stack for thread: 0x0000000005871800
RBP=0x000000000653c300 is pointing into the stack for thread: 0x0000000005871800
RSI=0x000000000b342188 is an unknown value
RDI=0x0000000000000000 is an unknown value
R8 =0x000000000f07f4b0 is an unknown value
R9 =0x0000000000001000 is an unknown value
R10=0x000000000f0845f0 is an unknown value
R11=0x0000000000000000 is an unknown value
R12=0x00000000068987c8 is an unknown value
R13=0x000000000823d5e8 is an unknown value
R14=0x000000000653c220 is pointing into the stack for thread: 0x0000000005871800
R15=0x000000000653c240 is pointing into the stack for thread: 0x0000000005871800


Stack: [0x0000000006440000,0x0000000006540000],  sp=0x000000000653c150,  free space=1008k
Native frames: (J=compiled Java code, j=interpreted, Vv=VM code, C=native code)
V  [jvm.dll+0x3e05cf]


Current CompileTask:
C2: 433970   68 %           org.python.pydev.parser.fastparser.FastDefinitionsParser::handleNewLine @ 50 (541 bytes)


---------------  P R O C E S S  ---------------

Java Threads: ( => current thread )
  0x0000000007364000 JavaThread "Thread-228" [_thread_blocked, id=4892, stack(0x00000000102b0000,0x00000000103b0000)]
  0x0000000007fa7000 JavaThread "Worker-29" [_thread_blocked, id=1320, stack(0x000000000e510000,0x000000000e610000)]
  0x00000000059af800 JavaThread "org.eclipse.jface.text.reconciler.MonoReconciler" daemon [_thread_blocked, id=4624, stack(0x0000000012a80000,0x0000000012b80000)]
  0x00000000059a3800 JavaThread "Worker-28" [_thread_blocked, id=7016, stack(0x0000000012980000,0x0000000012a80000)]
  0x0000000007368800 JavaThread "Worker-27" [_thread_blocked, id=3240, stack(0x0000000012580000,0x0000000012680000)]
  0x000000000735d800 JavaThread "Worker-26" [_thread_blocked, id=5716, stack(0x000000000d520000,0x000000000d620000)]
  0x000000000735f000 JavaThread "Worker-25" [_thread_blocked, id=6368, stack(0x0000000012480000,0x0000000012580000)]
  0x000000000736a000 JavaThread "org.eclipse.jface.text.reconciler.MonoReconciler" daemon [_thread_blocked, id=5792, stack(0x0000000012280000,0x0000000012380000)]
  0x0000000007363800 JavaThread "Worker-24" [_thread_blocked, id=6720, stack(0x000000000fbb0000,0x000000000fcb0000)]
  0x0000000007366000 JavaThread "org.eclipse.jface.text.reconciler.MonoReconciler" daemon [_thread_blocked, id=6056, stack(0x0000000012180000,0x0000000012280000)]
  0x000000000735b800 JavaThread "Worker-23" [_thread_blocked, id=3572, stack(0x0000000012080000,0x0000000012180000)]
  0x0000000007364800 JavaThread "Worker-22" [_thread_blocked, id=4740, stack(0x0000000011e80000,0x0000000011f80000)]
  0x0000000007362800 JavaThread "Worker-21" [_thread_blocked, id=6972, stack(0x0000000011d80000,0x0000000011e80000)]
  0x0000000007362000 JavaThread "org.eclipse.jface.text.reconciler.MonoReconciler" daemon [_thread_blocked, id=5660, stack(0x000000000fdb0000,0x000000000feb0000)]
  0x000000000735a800 JavaThread "Worker-20" [_thread_blocked, id=3056, stack(0x0000000011880000,0x0000000011980000)]
  0x000000000735f800 JavaThread "Worker-19" [_thread_blocked, id=5804, stack(0x0000000011b80000,0x0000000011c80000)]
  0x0000000007361000 JavaThread "Worker-18" [_thread_blocked, id=3956, stack(0x00000000101b0000,0x00000000102b0000)]
  0x000000000735e000 JavaThread "Worker-17" [_thread_blocked, id=4548, stack(0x000000000fcb0000,0x000000000fdb0000)]
  0x000000000735c000 JavaThread "Worker-16" [_thread_blocked, id=2492, stack(0x0000000011680000,0x0000000011780000)]
  0x000000000735d000 JavaThread "Worker-15" [_thread_blocked, id=7012, stack(0x0000000011780000,0x0000000011880000)]
  0x00000000059ab800 JavaThread "Worker-14" [_thread_blocked, id=2912, stack(0x000000000ff00000,0x0000000010000000)]
  0x0000000007fa6000 JavaThread "org.eclipse.jface.text.reconciler.MonoReconciler" daemon [_thread_blocked, id=2608, stack(0x000000000e010000,0x000000000e110000)]
  0x0000000007fa7800 JavaThread "Worker-13" [_thread_blocked, id=6388, stack(0x00000000103b0000,0x00000000104b0000)]
  0x0000000007fa5800 JavaThread "Worker-12" [_thread_blocked, id=4424, stack(0x00000000100b0000,0x00000000101b0000)]
  0x00000000059af000 JavaThread "Worker-11" [_thread_blocked, id=5184, stack(0x000000000f9b0000,0x000000000fab0000)]
  0x00000000059a8800 JavaThread "org.eclipse.jface.text.reconciler.MonoReconciler" daemon [_thread_blocked, id=5140, stack(0x000000000e410000,0x000000000e510000)]
  0x00000000059ae800 JavaThread "Worker-10" [_thread_blocked, id=308, stack(0x000000000fab0000,0x000000000fbb0000)]
  0x00000000059aa000 JavaThread "Worker-9" [_thread_blocked, id=6736, stack(0x000000000f7b0000,0x000000000f8b0000)]
  0x00000000059ad000 JavaThread "org.eclipse.jface.text.reconciler.MonoReconciler" daemon [_thread_blocked, id=316, stack(0x000000000e610000,0x000000000e710000)]
  0x00000000059a6800 JavaThread "org.eclipse.jface.text.reconciler.MonoReconciler" daemon [_thread_blocked, id=1036, stack(0x000000000c4f0000,0x000000000c5f0000)]
  0x00000000059a8000 JavaThread "Thread-24" daemon [_thread_blocked, id=5832, stack(0x000000000e310000,0x000000000e410000)]
  0x00000000059aa800 JavaThread "Shell reader (stderr)" daemon [_thread_in_native, id=6132, stack(0x000000000e210000,0x000000000e310000)]
  0x00000000059a7000 JavaThread "Shell reader (stdout)" daemon [_thread_in_native, id=5252, stack(0x000000000e110000,0x000000000e210000)]
  0x00000000059a5800 JavaThread "Worker-8" [_thread_blocked, id=4088, stack(0x0000000009c60000,0x0000000009d60000)]
  0x00000000059a2000 JavaThread "Worker-7" [_thread_blocked, id=4992, stack(0x0000000009d60000,0x0000000009e60000)]
  0x00000000059a2800 JavaThread "Worker-5" [_thread_blocked, id=5408, stack(0x0000000009e60000,0x0000000009f60000)]
  0x00000000059a5000 JavaThread "[ThreadPool Manager] - Idle Thread" daemon [_thread_blocked, id=3224, stack(0x0000000009b60000,0x0000000009c60000)]
  0x00000000059a4000 JavaThread "Worker-4" [_thread_blocked, id=1420, stack(0x000000000d690000,0x000000000d790000)]
  0x00000000059a1800 JavaThread "org.eclipse.jface.text.reconciler.MonoReconciler" daemon [_thread_blocked, id=2508, stack(0x000000000d3c0000,0x000000000d4c0000)]
  0x00000000059a0800 JavaThread "org.eclipse.jface.text.reconciler.MonoReconciler" daemon [_thread_blocked, id=96, stack(0x000000000cff0000,0x000000000d0f0000)]
  0x0000000007fa0800 JavaThread "Thread-6" daemon [_thread_blocked, id=3620, stack(0x000000000c3e0000,0x000000000c4e0000)]
  0x0000000007fa3000 JavaThread "Thread-5" daemon [_thread_in_native, id=3688, stack(0x000000000c2e0000,0x000000000c3e0000)]
  0x0000000007fa2800 JavaThread "EventAdmin Async Event Dispatcher Thread" daemon [_thread_blocked, id=4656, stack(0x000000000c1d0000,0x000000000c2d0000)]
  0x0000000007fa1000 JavaThread "Bundle File Closer" daemon [_thread_blocked, id=7116, stack(0x0000000009760000,0x0000000009860000)]
  0x0000000007fa1800 JavaThread "Java indexing" daemon [_thread_blocked, id=6748, stack(0x000000000af50000,0x000000000b050000)]
  0x0000000007eb1800 JavaThread "Worker-3" [_thread_blocked, id=3484, stack(0x0000000009a60000,0x0000000009b60000)]
  0x0000000007b5d800 JavaThread "Worker-2" [_thread_blocked, id=5220, stack(0x0000000009960000,0x0000000009a60000)]
  0x0000000007b5c800 JavaThread "Worker-1" [_thread_blocked, id=3848, stack(0x0000000009860000,0x0000000009960000)]
  0x0000000007a40800 JavaThread "Worker-0" [_thread_blocked, id=4172, stack(0x00000000095b0000,0x00000000096b0000)]
  0x00000000074d0800 JavaThread "EMF Reference Cleaner" daemon [_thread_blocked, id=4108, stack(0x0000000009110000,0x0000000009210000)]
  0x00000000072c6800 JavaThread "Worker-JM" [_thread_blocked, id=5292, stack(0x0000000009010000,0x0000000009110000)]
  0x0000000006b8c000 JavaThread "[Timer] - Main Queue Handler" daemon [_thread_blocked, id=5744, stack(0x0000000008e20000,0x0000000008f20000)]
  0x00000000073ea800 JavaThread "Start Level: Equinox Container: 50e9038b-152d-0014-1281-dc061564651f" daemon [_thread_blocked, id=1140, stack(0x0000000008c20000,0x0000000008d20000)]
  0x00000000069ce800 JavaThread "Framework Event Dispatcher: Equinox Container: 50e9038b-152d-0014-1281-dc061564651f" daemon [_thread_blocked, id=3304, stack(0x0000000008b20000,0x0000000008c20000)]
  0x0000000006b96800 JavaThread "Active Thread: Equinox Container: 50e9038b-152d-0014-1281-dc061564651f" [_thread_blocked, id=5652, stack(0x0000000008a20000,0x0000000008b20000)]
  0x0000000005886000 JavaThread "Service Thread" daemon [_thread_blocked, id=6452, stack(0x0000000006640000,0x0000000006740000)]
  0x000000000587f000 JavaThread "C2 CompilerThread1" daemon [_thread_blocked, id=3792, stack(0x0000000006540000,0x0000000006640000)]
=>0x0000000005871800 JavaThread "C2 CompilerThread0" daemon [_thread_in_native, id=7164, stack(0x0000000006440000,0x0000000006540000)]
  0x0000000005870800 JavaThread "Attach Listener" daemon [_thread_blocked, id=4608, stack(0x0000000006340000,0x0000000006440000)]
  0x000000000586d000 JavaThread "Signal Dispatcher" daemon [_thread_blocked, id=4736, stack(0x0000000006240000,0x0000000006340000)]
  0x000000000580f000 JavaThread "Finalizer" daemon [_thread_blocked, id=3904, stack(0x0000000006140000,0x0000000006240000)]
  0x0000000005806800 JavaThread "Reference Handler" daemon [_thread_blocked, id=5632, stack(0x0000000006040000,0x0000000006140000)]
  0x0000000001fdc800 JavaThread "main" [_thread_blocked, id=2460, stack(0x0000000001e40000,0x0000000001f40000)]

Other Threads:
  0x00000000057f8800 VMThread [stack: 0x0000000005f40000,0x0000000006040000] [id=6564]
  0x0000000005896800 WatcherThread [stack: 0x0000000006740000,0x0000000006840000] [id=2952]

VM state:at safepoint (normal execution)

VM Mutex/Monitor currently owned by a thread:  ([mutex/lock_event])
[0x0000000001fd9fc0] Threads_lock - owner thread: 0x00000000057f8800
[0x0000000001fd9540] Heap_lock - owner thread: 0x00000000059a2800

Heap
 PSYoungGen      total 137856K, used 104933K [0x00000000f5560000, 0x00000000fff80000, 0x0000000100000000)
  eden space 100992K, 99% used [0x00000000f5560000,0x00000000fb7e2c98,0x00000000fb800000)
  from space 36864K, 11% used [0x00000000fb800000,0x00000000fbbf6810,0x00000000fdc00000)
  to   space 36160K, 9% used [0x00000000fdc30000,0x00000000fdfa1fe8,0x00000000fff80000)
 PSOldGen        total 116480K, used 75903K [0x00000000e0000000, 0x00000000e71c0000, 0x00000000f5560000)
  object space 116480K, 65% used [0x00000000e0000000,0x00000000e4a1ffe8,0x00000000e71c0000)
 PSPermGen       total 112000K, used 80011K [0x00000000d0000000, 0x00000000d6d60000, 0x00000000e0000000)
  object space 112000K, 71% used [0x00000000d0000000,0x00000000d4e22d48,0x00000000d6d60000)

Code Cache  [0x00000000020e0000, 0x0000000002800000, 0x00000000050e0000)
 total_blobs=2704 nmethods=1924 adapters=728 free_code_cache=42063Kb largest_free_block=42862720

Dynamic libraries:
0x00007ff7a4cd0000 - 0x00007ff7a4d03000 	C:\WINDOWS\system32\javaw.exe
0x00007ffa39d10000 - 0x00007ffa39eba000 	C:\WINDOWS\SYSTEM32\ntdll.dll
0x00007ffa39050000 - 0x00007ffa3918a000 	C:\WINDOWS\system32\KERNEL32.DLL
0x00007ffa37380000 - 0x00007ffa3748f000 	C:\WINDOWS\system32\KERNELBASE.dll
0x00007ffa35cb0000 - 0x00007ffa35d38000 	C:\WINDOWS\system32\apphelp.dll
0x00007ffa2ca60000 - 0x00007ffa2caaf000 	C:\WINDOWS\AppPatch\AppPatch64\AcGenral.DLL
0x00007ffa39240000 - 0x00007ffa392e7000 	C:\WINDOWS\system32\msvcrt.dll
0x00007ffa36f30000 - 0x00007ffa36f5b000 	C:\WINDOWS\system32\SspiCli.dll
0x00007ffa39b10000 - 0x00007ffa39b61000 	C:\WINDOWS\system32\SHLWAPI.dll
0x00007ffa39550000 - 0x00007ffa396c1000 	C:\WINDOWS\system32\USER32.dll
0x00007ffa39880000 - 0x00007ffa399f8000 	C:\WINDOWS\system32\ole32.dll
0x00007ffa37650000 - 0x00007ffa38a70000 	C:\WINDOWS\system32\SHELL32.dll
0x00007ffa36710000 - 0x00007ffa3672e000 	C:\WINDOWS\system32\USERENV.dll
0x00007ffa39a00000 - 0x00007ffa39aa5000 	C:\WINDOWS\system32\ADVAPI32.dll
0x00007ffa2f310000 - 0x00007ffa2f32b000 	C:\WINDOWS\system32\MPR.dll
0x00007ffa38ad0000 - 0x00007ffa38c07000 	C:\WINDOWS\system32\RPCRT4.dll
0x00007ffa38a70000 - 0x00007ffa38ac7000 	C:\WINDOWS\SYSTEM32\sechost.dll
0x00007ffa39370000 - 0x00007ffa39546000 	C:\WINDOWS\SYSTEM32\combase.dll
0x00007ffa396d0000 - 0x00007ffa39814000 	C:\WINDOWS\system32\GDI32.dll
0x00007ffa37080000 - 0x00007ffa37094000 	C:\WINDOWS\system32\profapi.dll
0x00007ffa354d0000 - 0x00007ffa3556f000 	C:\WINDOWS\system32\SHCORE.dll
0x00007ffa38ce0000 - 0x00007ffa38d14000 	C:\WINDOWS\system32\IMM32.DLL
0x00007ffa38d20000 - 0x00007ffa38e59000 	C:\WINDOWS\system32\MSCTF.dll
0x00007ffa34580000 - 0x00007ffa347da000 	C:\WINDOWS\WinSxS\amd64_microsoft.windows.common-controls_6595b64144ccf1df_6.0.9600.17031_none_6242a4b3ecbb55a1\COMCTL32.dll
0x00000000760a0000 - 0x0000000076171000 	C:\Program Files\Java\jre7\bin\msvcr100.dll
0x00000000759d0000 - 0x000000007609e000 	C:\Program Files\Java\jre7\bin\server\jvm.dll
0x00007ffa2fd80000 - 0x00007ffa2fd89000 	C:\WINDOWS\system32\WSOCK32.dll
0x00007ffa34ec0000 - 0x00007ffa34edf000 	C:\WINDOWS\system32\WINMM.dll
0x00007ffa375a0000 - 0x00007ffa375a7000 	C:\WINDOWS\system32\PSAPI.DLL
0x00007ffa39ab0000 - 0x00007ffa39b08000 	C:\WINDOWS\system32\WS2_32.dll
0x00007ffa32a00000 - 0x00007ffa32a2a000 	C:\WINDOWS\system32\WINMMBASE.dll
0x00007ffa38e60000 - 0x00007ffa38e69000 	C:\WINDOWS\system32\NSI.dll
0x00007ffa37150000 - 0x00007ffa3719a000 	C:\WINDOWS\SYSTEM32\cfgmgr32.dll
0x00007ffa35f20000 - 0x00007ffa35f46000 	C:\WINDOWS\system32\DEVOBJ.dll
0x00000000763f0000 - 0x00000000763ff000 	C:\Program Files\Java\jre7\bin\verify.dll
0x00000000763c0000 - 0x00000000763e8000 	C:\Program Files\Java\jre7\bin\java.dll
0x00000000763a0000 - 0x00000000763b5000 	C:\Program Files\Java\jre7\bin\zip.dll
0x00007ffa36a10000 - 0x00007ffa36a2e000 	C:\WINDOWS\system32\CRYPTSP.dll
0x00007ffa36600000 - 0x00007ffa36635000 	C:\WINDOWS\system32\rsaenh.dll
0x00007ffa36c40000 - 0x00007ffa36c66000 	C:\WINDOWS\system32\bcrypt.dll
0x00007ffa36f60000 - 0x00007ffa36fc0000 	C:\WINDOWS\system32\bcryptprimitives.dll
0x00007ffa36fc0000 - 0x00007ffa36fca000 	C:\WINDOWS\system32\CRYPTBASE.dll
0x00000000759b0000 - 0x00000000759c9000 	C:\Program Files\Java\jre7\bin\net.dll
0x00007ffa369b0000 - 0x00007ffa36a08000 	C:\WINDOWS\system32\mswsock.dll
0x00007ffa2d780000 - 0x00007ffa2d794000 	C:\WINDOWS\system32\napinsp.dll
0x00007ffa2d7a0000 - 0x00007ffa2d7b9000 	C:\WINDOWS\system32\pnrpnsp.dll
0x00007ffa350d0000 - 0x00007ffa350e9000 	C:\WINDOWS\system32\NLAapi.dll
0x00007ffa367c0000 - 0x00007ffa36863000 	C:\WINDOWS\system32\DNSAPI.dll
0x00007ffa2d7c0000 - 0x00007ffa2d7cc000 	C:\WINDOWS\System32\winrnr.dll
0x00007ffa2d7d0000 - 0x00007ffa2d7e3000 	C:\WINDOWS\system32\wshbth.dll
0x0000000076590000 - 0x00000000765b6000 	C:\Program Files\Bonjour\mdnsNSP.dll
0x00007ffa32680000 - 0x00007ffa326a9000 	C:\WINDOWS\system32\Iphlpapi.DLL
0x00007ffa32670000 - 0x00007ffa3267a000 	C:\WINDOWS\system32\WINNSI.DLL
0x00007ffa2f080000 - 0x00007ffa2f089000 	C:\Windows\System32\rasadhlp.dll
0x00007ffa316d0000 - 0x00007ffa31738000 	C:\WINDOWS\System32\fwpuclnt.dll
0x0000000075990000 - 0x00000000759a1000 	C:\Program Files\Java\jre7\bin\nio.dll
0x0000000072000000 - 0x0000000072012000 	C:\eclipse\plugins\org.eclipse.equinox.launcher.win32.win32.x86_64_1.1.200.v20140603-1326\eclipse_1603.dll
0x00007ffa2ffa0000 - 0x00007ffa2ffaa000 	C:\WINDOWS\system32\VERSION.dll
0x00007ffa35d80000 - 0x00007ffa35ea1000 	C:\WINDOWS\system32\uxtheme.dll
0x00007ffa31b70000 - 0x00007ffa31c5e000 	C:\Program Files (x86)\Stardock\Start8\Start8_64.dll
0x00007ffa32230000 - 0x00007ffa32395000 	C:\WINDOWS\SYSTEM32\PROPSYS.dll
0x00007ffa38c20000 - 0x00007ffa38cd7000 	C:\WINDOWS\system32\OLEAUT32.dll
0x00007ffa35f70000 - 0x00007ffa35f7a000 	C:\WINDOWS\SYSTEM32\kernel.appcore.dll
0x0000000010000000 - 0x00000000100a8000 	C:\eclipse\configuration\org.eclipse.osgi\214\0\.cp\swt-win32-4427.dll
0x00007ffa375b0000 - 0x00007ffa3764a000 	C:\WINDOWS\system32\comdlg32.dll
0x00007ffa33350000 - 0x00007ffa333cb000 	C:\WINDOWS\system32\WINSPOOL.DRV
0x00007ffa34e80000 - 0x00007ffa34e94000 	C:\WINDOWS\system32\USP10.dll
0x00007ffa30420000 - 0x00007ffa30651000 	C:\WINDOWS\system32\WININET.dll
0x00007ffa371a0000 - 0x00007ffa37377000 	C:\WINDOWS\system32\CRYPT32.dll
0x00007ffa30660000 - 0x00007ffa3090b000 	C:\WINDOWS\system32\iertutil.dll
0x00007ffa37130000 - 0x00007ffa37142000 	C:\WINDOWS\system32\MSASN1.dll
0x00007ffa350b0000 - 0x00007ffa350d0000 	C:\WINDOWS\system32\dwmapi.dll
0x00007ffa39190000 - 0x00007ffa39234000 	C:\WINDOWS\SYSTEM32\clbcatq.dll
0x0000000007100000 - 0x000000000711e000 	C:\eclipse\configuration\org.eclipse.osgi\214\0\.cp\swt-gdip-win32-4427.dll
0x00007ffa28f00000 - 0x00007ffa29098000 	C:\WINDOWS\WinSxS\amd64_microsoft.windows.gdiplus_6595b64144ccf1df_1.1.9600.17056_none_932f2645474c8242\gdiplus.dll
0x00007ffa31f90000 - 0x00007ffa32123000 	C:\WINDOWS\system32\WindowsCodecs.dll
0x0000000180000000 - 0x0000000180012000 	C:\eclipse\configuration\org.eclipse.osgi\45\0\.cp\os\win32\x86_64\localfile_1_0_0.dll
0x00007ffa32ea0000 - 0x00007ffa32eb1000 	C:\eclipse\configuration\org.eclipse.osgi\48\0\.cp\jWinHttp-1.0.0.dll
0x00007ffa2ffe0000 - 0x00007ffa300a5000 	C:\WINDOWS\system32\WINHTTP.dll
0x00007ffa31600000 - 0x00007ffa31614000 	C:\WINDOWS\system32\dhcpcsvc6.DLL
0x00007ffa317e0000 - 0x00007ffa317f9000 	C:\WINDOWS\system32\dhcpcsvc.DLL
0x00007ffa32940000 - 0x00007ffa329a3000 	C:\WINDOWS\system32\oleacc.dll
0x00007ffa2ee30000 - 0x00007ffa2ee6b000 	C:\WINDOWS\system32\mlang.dll
0x00007ffa332f0000 - 0x00007ffa3331b000 	C:\Windows\System32\thumbcache.dll
0x00007ffa34ee0000 - 0x00007ffa34ee7000 	C:\WINDOWS\system32\msimg32.dll

VM Arguments:
jvm_args: -Dosgi.requiredJavaVersion=1.7 -Xms40m -Xmx512m -XX:MaxPermSize=256m 
java_command: C:\eclipse\\plugins/org.eclipse.equinox.launcher_1.3.0.v20140415-2008.jar -os win32 -ws win32 -arch x86_64 -showsplash C:\eclipse\\plugins\org.eclipse.platform_4.4.0.v20140606-1215\splash.bmp -launcher C:\eclipse\eclipse.exe -name Eclipse --launcher.library C:\eclipse\\plugins/org.eclipse.equinox.launcher.win32.win32.x86_64_1.1.200.v20140603-1326\eclipse_1603.dll -startup C:\eclipse\\plugins/org.eclipse.equinox.launcher_1.3.0.v20140415-2008.jar --launcher.appendVmargs -exitdata f10_b8 -product org.eclipse.epp.package.standard.product C:\atv\atv\atv\templates\denied.pt -vm C:\WINDOWS\system32\javaw.exe -vmargs -Dosgi.requiredJavaVersion=1.7 -Xms40m -Xmx512m -XX:MaxPermSize=256m -jar C:\eclipse\\plugins/org.eclipse.equinox.launcher_1.3.0.v20140415-2008.jar
Launcher Type: SUN_STANDARD

Environment Variables:
PATH=C:\WINDOWS\system32;C:\WINDOWS;C:\WINDOWS\System32\Wbem;C:\WINDOWS\System32\WindowsPowerShell\v1.0\;C:\Program Files (x86)\Heroku\bin;C:\Program Files (x86)\git\cmd;C:\Program Files\Microsoft SQL Server\110\Tools\Binn\
USERNAME=Incerto
OS=Windows_NT
PROCESSOR_IDENTIFIER=Intel64 Family 6 Model 42 Stepping 7, GenuineIntel



---------------  S Y S T E M  ---------------

OS: Windows NT 6.2 Build 9200 

CPU:total 4 (2 cores per cpu, 2 threads per core) family 6 model 42 stepping 7, cmov, cx8, fxsr, mmx, sse, sse2, sse3, ssse3, sse4.1, sse4.2, popcnt, ht

Memory: 4k page, physical 6202920k(3946296k free), swap 7185964k(4525236k free)

vm_info: Java HotSpot(TM) 64-Bit Server VM (21.0-b17) for windows-amd64 JRE (1.7.0-b147), built on Jun 27 2011 02:19:45 by "java_re" with unknown MS VC++:1600

time: Tue Aug 26 12:46:00 2014
elapsed time: 433 seconds

